16:51:22:774 [ALWAYS]	GUDE Logging Started
16:51:22:774 [INFO]	SqliteResumeCache::SqliteResumeCache basedirectory is null/empty
16:51:22:775 [ERROR]	SqliteResumeCache::CreateSqliteResumeCache creating resume cache pointer failure
16:51:22:775 [ERROR]	Initialize resume cache pointer failure
16:51:22:775 [INFO]	gude policy POLICY_USER limit (2,2,1) chunk 2097152, chunking (UL 0 DL 1), resXfer 1, adapt 0, NSURL 0, timeout 86400 
16:51:22:775 [INFO]	Initialized -- gude-lib version: v0.12.1 app: gude
16:51:24:550 [WARN]	Ignoring attempt to reinit logging to \gude at level 4 retaining 3 days of logs
16:51:24:550 [INFO]	SqliteResumeCache::SqliteResumeCache basedirectory is null/empty
16:51:24:550 [ERROR]	SqliteResumeCache::CreateSqliteResumeCache creating resume cache pointer failure
16:51:24:550 [ERROR]	Initialize resume cache pointer failure
16:51:24:550 [INFO]	gude policy POLICY_USER limit (4,4,1) chunk 2097152, chunking (UL 0 DL 1), resXfer 1, adapt 0, NSURL 1, timeout 86400 
16:51:24:550 [INFO]	Initialized -- gude-lib version: v0.12.1 app: gude
16:52:40:090 [ALWAYS]	GUDE Logging Started
16:52:40:090 [INFO]	SqliteResumeCache::SqliteResumeCache basedirectory is null/empty
16:52:40:090 [ERROR]	SqliteResumeCache::CreateSqliteResumeCache creating resume cache pointer failure
16:52:40:090 [ERROR]	Initialize resume cache pointer failure
16:52:40:090 [INFO]	gude policy POLICY_USER limit (2,2,1) chunk 2097152, chunking (UL 0 DL 1), resXfer 1, adapt 0, NSURL 0, timeout 86400 
16:52:40:090 [INFO]	Initialized -- gude-lib version: v0.12.1 app: gude
16:52:47:265 [WARN]	Ignoring attempt to reinit logging to \gude at level 4 retaining 3 days of logs
16:52:47:265 [INFO]	SqliteResumeCache::SqliteResumeCache basedirectory is null/empty
16:52:47:265 [ERROR]	SqliteResumeCache::CreateSqliteResumeCache creating resume cache pointer failure
16:52:47:265 [ERROR]	Initialize resume cache pointer failure
16:52:47:265 [INFO]	gude policy POLICY_USER limit (4,4,1) chunk 2097152, chunking (UL 0 DL 1), resXfer 1, adapt 0, NSURL 1, timeout 86400 
16:52:47:265 [INFO]	Initialized -- gude-lib version: v0.12.1 app: gude
